  Script.cpp
C:\Program Files\Microsoft Visual Studio\2022\Community\VC\Tools\MSVC\14.37.32822\include\string_view(13): warning STL4038: The contents of <string_view> are available only with C++17 or later.
C:\Users\kew\OneDrive\Desktop\300\300\lib\sol-3.2.3\sol\base_traits.hpp(63,25): error C7525: inline variables require at least '/std:c++17'
C:\Users\kew\OneDrive\Desktop\300\300\lib\sol-3.2.3\sol\base_traits.hpp(94,25): error C7525: inline variables require at least '/std:c++17'
C:\Users\kew\OneDrive\Desktop\300\300\lib\sol-3.2.3\sol\base_traits.hpp(117,26): error C7525: inline variables require at least '/std:c++17'
C:\Users\kew\OneDrive\Desktop\300\300\lib\sol-3.2.3\sol\tuple.hpp(43,25): error C7525: inline variables require at least '/std:c++17'
C:\Users\kew\OneDrive\Desktop\300\300\lib\sol-3.2.3\sol\bind_traits.hpp(41,24): error C7525: inline variables require at least '/std:c++17'
C:\Users\kew\OneDrive\Desktop\300\300\lib\sol-3.2.3\sol\bind_traits.hpp(62,39): error C7525: inline variables require at least '/std:c++17'
C:\Users\kew\OneDrive\Desktop\300\300\lib\sol-3.2.3\sol\bind_traits.hpp(79,4): message : see reference to class template instantiation 'sol::meta::meta_detail::basic_traits<it_is_noexcept,has_c_variadic,T,R,Args...>' being compiled
C:\Users\kew\OneDrive\Desktop\300\300\lib\sol-3.2.3\sol\bind_traits.hpp(63,33): error C7525: inline variables require at least '/std:c++17'
C:\Users\kew\OneDrive\Desktop\300\300\lib\sol-3.2.3\sol\bind_traits.hpp(64,33): error C7525: inline variables require at least '/std:c++17'
C:\Users\kew\OneDrive\Desktop\300\300\lib\sol-3.2.3\sol\bind_traits.hpp(65,40): error C7525: inline variables require at least '/std:c++17'
C:\Users\kew\OneDrive\Desktop\300\300\lib\sol-3.2.3\sol\bind_traits.hpp(66,40): error C7525: inline variables require at least '/std:c++17'
C:\Users\kew\OneDrive\Desktop\300\300\lib\sol-3.2.3\sol\bind_traits.hpp(509,33): error C7525: inline variables require at least '/std:c++17'
C:\Users\kew\OneDrive\Desktop\300\300\lib\sol-3.2.3\sol\bind_traits.hpp(522,4): message : see reference to class template instantiation 'sol::meta::meta_detail::callable_traits<RT::* ,true>' being compiled
C:\Users\kew\OneDrive\Desktop\300\300\lib\sol-3.2.3\sol\bind_traits.hpp(510,33): error C7525: inline variables require at least '/std:c++17'
C:\Users\kew\OneDrive\Desktop\300\300\lib\sol-3.2.3\sol\bind_traits.hpp(511,40): error C7525: inline variables require at least '/std:c++17'
C:\Users\kew\OneDrive\Desktop\300\300\lib\sol-3.2.3\sol\bind_traits.hpp(512,40): error C7525: inline variables require at least '/std:c++17'
C:\Users\kew\OneDrive\Desktop\300\300\lib\sol-3.2.3\sol\bind_traits.hpp(541,24): error C7525: inline variables require at least '/std:c++17'
C:\Users\kew\OneDrive\Desktop\300\300\lib\sol-3.2.3\sol\pointer_like.hpp(49,25): error C7525: inline variables require at least '/std:c++17'
C:\Users\kew\OneDrive\Desktop\300\300\lib\sol-3.2.3\sol\pointer_like.hpp(67,4): warning C4984: 'if constexpr' is a C++17 language extension
C:\Users\kew\OneDrive\Desktop\300\300\lib\sol-3.2.3\sol\pointer_like.hpp(78,4): warning C4984: 'if constexpr' is a C++17 language extension
C:\Users\kew\OneDrive\Desktop\300\300\lib\sol-3.2.3\sol\string_view.hpp(36,33): error C2039: 'basic_string_view': is not a member of 'std'
C:\Program Files\Microsoft Visual Studio\2022\Community\VC\Tools\MSVC\14.37.32822\include\functional(32,1): message : see declaration of 'std'
C:\Users\kew\OneDrive\Desktop\300\300\lib\sol-3.2.3\sol\string_view.hpp(36,33): error C2061: syntax error: identifier 'basic_string_view'
C:\Users\kew\OneDrive\Desktop\300\300\lib\sol-3.2.3\sol\string_view.hpp(38,15): error C2039: 'string_view': is not a member of 'std'
C:\Program Files\Microsoft Visual Studio\2022\Community\VC\Tools\MSVC\14.37.32822\include\functional(32,1): message : see declaration of 'std'
C:\Users\kew\OneDrive\Desktop\300\300\lib\sol-3.2.3\sol\string_view.hpp(38,27): error C2146: syntax error: missing ';' before identifier 'string_view'
C:\Users\kew\OneDrive\Desktop\300\300\lib\sol-3.2.3\sol\string_view.hpp(39,15): error C2039: 'wstring_view': is not a member of 'std'
C:\Program Files\Microsoft Visual Studio\2022\Community\VC\Tools\MSVC\14.37.32822\include\functional(32,1): message : see declaration of 'std'
C:\Users\kew\OneDrive\Desktop\300\300\lib\sol-3.2.3\sol\string_view.hpp(39,28): error C2146: syntax error: missing ';' before identifier 'wstring_view'
C:\Users\kew\OneDrive\Desktop\300\300\lib\sol-3.2.3\sol\string_view.hpp(40,15): error C2039: 'u16string_view': is not a member of 'std'
C:\Program Files\Microsoft Visual Studio\2022\Community\VC\Tools\MSVC\14.37.32822\include\functional(32,1): message : see declaration of 'std'
C:\Users\kew\OneDrive\Desktop\300\300\lib\sol-3.2.3\sol\string_view.hpp(40,30): error C2146: syntax error: missing ';' before identifier 'u16string_view'
C:\Users\kew\OneDrive\Desktop\300\300\lib\sol-3.2.3\sol\string_view.hpp(41,15): error C2039: 'u32string_view': is not a member of 'std'
C:\Program Files\Microsoft Visual Studio\2022\Community\VC\Tools\MSVC\14.37.32822\include\functional(32,1): message : see declaration of 'std'
C:\Users\kew\OneDrive\Desktop\300\300\lib\sol-3.2.3\sol\string_view.hpp(41,30): error C2146: syntax error: missing ';' before identifier 'u32string_view'
C:\Users\kew\OneDrive\Desktop\300\300\lib\sol-3.2.3\sol\string_view.hpp(42,25): error C2039: 'string_view': is not a member of 'std'
C:\Program Files\Microsoft Visual Studio\2022\Community\VC\Tools\MSVC\14.37.32822\include\functional(32,1): message : see declaration of 'std'
C:\Users\kew\OneDrive\Desktop\300\300\lib\sol-3.2.3\sol\string_view.hpp(42,25): error C2065: 'string_view': undeclared identifier
C:\Users\kew\OneDrive\Desktop\300\300\lib\sol-3.2.3\sol\string_view.hpp(42,15): error C2923: 'std::hash': 'string_view' is not a valid template type argument for parameter '_Kty'
C:\Users\kew\OneDrive\Desktop\300\300\lib\sol-3.2.3\sol\string_view.hpp(42,25): message : see declaration of 'string_view'
C:\Program Files\Microsoft Visual Studio\2022\Community\VC\Tools\MSVC\14.37.32822\include\array(33,1): error C2631: '_Array_const_iterator': a class or enum cannot be defined in an alias template
C:\Program Files\Microsoft Visual Studio\2022\Community\VC\Tools\MSVC\14.37.32822\include\iterator(21,1): fatal  error C1903: unable to recover from previous error(s); stopping compilation
  ScriptingSystem.cpp
C:\Program Files\Microsoft Visual Studio\2022\Community\VC\Tools\MSVC\14.37.32822\include\string_view(13): warning STL4038: The contents of <string_view> are available only with C++17 or later.
C:\Users\kew\OneDrive\Desktop\300\300\lib\sol-3.2.3\sol\base_traits.hpp(63,25): error C7525: inline variables require at least '/std:c++17'
C:\Users\kew\OneDrive\Desktop\300\300\lib\sol-3.2.3\sol\base_traits.hpp(94,25): error C7525: inline variables require at least '/std:c++17'
C:\Users\kew\OneDrive\Desktop\300\300\lib\sol-3.2.3\sol\base_traits.hpp(117,26): error C7525: inline variables require at least '/std:c++17'
C:\Users\kew\OneDrive\Desktop\300\300\lib\sol-3.2.3\sol\tuple.hpp(43,25): error C7525: inline variables require at least '/std:c++17'
C:\Users\kew\OneDrive\Desktop\300\300\lib\sol-3.2.3\sol\bind_traits.hpp(41,24): error C7525: inline variables require at least '/std:c++17'
C:\Users\kew\OneDrive\Desktop\300\300\lib\sol-3.2.3\sol\bind_traits.hpp(62,39): error C7525: inline variables require at least '/std:c++17'
C:\Users\kew\OneDrive\Desktop\300\300\lib\sol-3.2.3\sol\bind_traits.hpp(79,4): message : see reference to class template instantiation 'sol::meta::meta_detail::basic_traits<it_is_noexcept,has_c_variadic,T,R,Args...>' being compiled
C:\Users\kew\OneDrive\Desktop\300\300\lib\sol-3.2.3\sol\bind_traits.hpp(63,33): error C7525: inline variables require at least '/std:c++17'
C:\Users\kew\OneDrive\Desktop\300\300\lib\sol-3.2.3\sol\bind_traits.hpp(64,33): error C7525: inline variables require at least '/std:c++17'
C:\Users\kew\OneDrive\Desktop\300\300\lib\sol-3.2.3\sol\bind_traits.hpp(65,40): error C7525: inline variables require at least '/std:c++17'
C:\Users\kew\OneDrive\Desktop\300\300\lib\sol-3.2.3\sol\bind_traits.hpp(66,40): error C7525: inline variables require at least '/std:c++17'
C:\Users\kew\OneDrive\Desktop\300\300\lib\sol-3.2.3\sol\bind_traits.hpp(509,33): error C7525: inline variables require at least '/std:c++17'
C:\Users\kew\OneDrive\Desktop\300\300\lib\sol-3.2.3\sol\bind_traits.hpp(522,4): message : see reference to class template instantiation 'sol::meta::meta_detail::callable_traits<RT::* ,true>' being compiled
C:\Users\kew\OneDrive\Desktop\300\300\lib\sol-3.2.3\sol\bind_traits.hpp(510,33): error C7525: inline variables require at least '/std:c++17'
C:\Users\kew\OneDrive\Desktop\300\300\lib\sol-3.2.3\sol\bind_traits.hpp(511,40): error C7525: inline variables require at least '/std:c++17'
C:\Users\kew\OneDrive\Desktop\300\300\lib\sol-3.2.3\sol\bind_traits.hpp(512,40): error C7525: inline variables require at least '/std:c++17'
C:\Users\kew\OneDrive\Desktop\300\300\lib\sol-3.2.3\sol\bind_traits.hpp(541,24): error C7525: inline variables require at least '/std:c++17'
C:\Users\kew\OneDrive\Desktop\300\300\lib\sol-3.2.3\sol\pointer_like.hpp(49,25): error C7525: inline variables require at least '/std:c++17'
C:\Users\kew\OneDrive\Desktop\300\300\lib\sol-3.2.3\sol\pointer_like.hpp(67,4): warning C4984: 'if constexpr' is a C++17 language extension
C:\Users\kew\OneDrive\Desktop\300\300\lib\sol-3.2.3\sol\pointer_like.hpp(78,4): warning C4984: 'if constexpr' is a C++17 language extension
C:\Users\kew\OneDrive\Desktop\300\300\lib\sol-3.2.3\sol\string_view.hpp(36,33): error C2039: 'basic_string_view': is not a member of 'std'
C:\Program Files\Microsoft Visual Studio\2022\Community\VC\Tools\MSVC\14.37.32822\include\functional(32,1): message : see declaration of 'std'
C:\Users\kew\OneDrive\Desktop\300\300\lib\sol-3.2.3\sol\string_view.hpp(36,33): error C2061: syntax error: identifier 'basic_string_view'
C:\Users\kew\OneDrive\Desktop\300\300\lib\sol-3.2.3\sol\string_view.hpp(38,15): error C2039: 'string_view': is not a member of 'std'
C:\Program Files\Microsoft Visual Studio\2022\Community\VC\Tools\MSVC\14.37.32822\include\functional(32,1): message : see declaration of 'std'
C:\Users\kew\OneDrive\Desktop\300\300\lib\sol-3.2.3\sol\string_view.hpp(38,27): error C2146: syntax error: missing ';' before identifier 'string_view'
C:\Users\kew\OneDrive\Desktop\300\300\lib\sol-3.2.3\sol\string_view.hpp(39,15): error C2039: 'wstring_view': is not a member of 'std'
C:\Program Files\Microsoft Visual Studio\2022\Community\VC\Tools\MSVC\14.37.32822\include\functional(32,1): message : see declaration of 'std'
C:\Users\kew\OneDrive\Desktop\300\300\lib\sol-3.2.3\sol\string_view.hpp(39,28): error C2146: syntax error: missing ';' before identifier 'wstring_view'
C:\Users\kew\OneDrive\Desktop\300\300\lib\sol-3.2.3\sol\string_view.hpp(40,15): error C2039: 'u16string_view': is not a member of 'std'
C:\Program Files\Microsoft Visual Studio\2022\Community\VC\Tools\MSVC\14.37.32822\include\functional(32,1): message : see declaration of 'std'
C:\Users\kew\OneDrive\Desktop\300\300\lib\sol-3.2.3\sol\string_view.hpp(40,30): error C2146: syntax error: missing ';' before identifier 'u16string_view'
C:\Users\kew\OneDrive\Desktop\300\300\lib\sol-3.2.3\sol\string_view.hpp(41,15): error C2039: 'u32string_view': is not a member of 'std'
C:\Program Files\Microsoft Visual Studio\2022\Community\VC\Tools\MSVC\14.37.32822\include\functional(32,1): message : see declaration of 'std'
C:\Users\kew\OneDrive\Desktop\300\300\lib\sol-3.2.3\sol\string_view.hpp(41,30): error C2146: syntax error: missing ';' before identifier 'u32string_view'
C:\Users\kew\OneDrive\Desktop\300\300\lib\sol-3.2.3\sol\string_view.hpp(42,25): error C2039: 'string_view': is not a member of 'std'
C:\Program Files\Microsoft Visual Studio\2022\Community\VC\Tools\MSVC\14.37.32822\include\functional(32,1): message : see declaration of 'std'
C:\Users\kew\OneDrive\Desktop\300\300\lib\sol-3.2.3\sol\string_view.hpp(42,25): error C2065: 'string_view': undeclared identifier
C:\Users\kew\OneDrive\Desktop\300\300\lib\sol-3.2.3\sol\string_view.hpp(42,15): error C2923: 'std::hash': 'string_view' is not a valid template type argument for parameter '_Kty'
C:\Users\kew\OneDrive\Desktop\300\300\lib\sol-3.2.3\sol\string_view.hpp(42,25): message : see declaration of 'string_view'
C:\Program Files\Microsoft Visual Studio\2022\Community\VC\Tools\MSVC\14.37.32822\include\array(33,1): error C2631: '_Array_const_iterator': a class or enum cannot be defined in an alias template
C:\Program Files\Microsoft Visual Studio\2022\Community\VC\Tools\MSVC\14.37.32822\include\iterator(21,1): fatal  error C1903: unable to recover from previous error(s); stopping compilation
